C51 COMPILER V9.52.0.0   COMPARATOR                                                        04/28/2015 17:26:02 PAGE 1   


C51 COMPILER V9.52.0.0, COMPILATION OF MODULE COMPARATOR
OBJECT MODULE PLACED IN .\Temp\Comparator.obj
COMPILER INVOKED BY: C:\Keil\C51\BIN\C51.EXE Comparator\Comparator.c LARGE OPTIMIZE(0,SPEED) BROWSE INCDIR(..\SharedModu
                    -les\SysDef,SPI\,..\SharedModules\RingBuffer,UART\,A2D\,..\SharedModules\Xilinx,..\SharedModules\EdenProtocol,Timer\,Pote
                    -ntiometer\,HeaterControl\,E2PROM\,MsgDecode\,..\SharedModules\Utilities,..\SharedModules\Scheduler,..\SharedModules\Roll
                    -er,Potentiometer\,PrintDriver\,Sensors\,HeadData\,Utils\,Watchdog\,Version\,Actuators\,D2A\,Comparator\,Bumper\) DEFINE(
                    -C8051F123_CPU) DEBUG OBJECTEXTEND PRINT(.\Temp\Comparator.lst) TABS(2) OBJECT(.\Temp\Comparator.obj)

line level    source

   1          /*===========================================================================
   2           *   FILENAME       : Comparator  {Comparator.C}  
   3           *   PURPOSE        : Comparator driver module  
   4           *   DATE CREATED   : 14/08/2003
   5           *   PROGRAMMER     : Nir Sade 
   6           *===========================================================================*/
   7          #include "Comparator.h"
   8          #include "c8051F120.h" 
   9          
  10          /****************************************************************************
  11           *
  12           *  NAME        : Comparator0_Init
  13           *
  14           *  DESCRIPTION : Initialization of the comparator (0) driver
  15           *
  16           ****************************************************************************/
  17          void Comparator0_Init()
  18          {
  19   1        SFRPAGE = CPT0_PAGE;
  20   1      
  21   1          // Set the negative hysteresis to 2 mv
  22   1          CPT0CN &= 0xFC;
  23   1          CPT0CN |= 0x01;
  24   1      
  25   1          // Set the positive hysteresis to 2 mv
  26   1          CPT0CN &= 0xF3;
  27   1          CPT0CN |= 0x04;
  28   1      
  29   1        // enable comparator 0
  30   1        CPT0CN |= 0x80;
  31   1        
  32   1        SFRPAGE = LEGACY_PAGE;   
  33   1      }
  34          
  35          
  36          /****************************************************************************
  37           *
  38           *  NAME        : Comparator0_Init
  39           *
  40           *  DESCRIPTION : Initialization of the comparator (1) driver
  41           *
  42           ****************************************************************************/
  43          void Comparator1_Init()
  44          {
  45   1        SFRPAGE = CPT1_PAGE;  
  46   1        
  47   1          // Set the negative hysteresis to 2 mv
  48   1          CPT1CN &= 0xFC;
  49   1          CPT1CN |= 0x01;
  50   1      
  51   1          // Set the positive hysteresis to 2 mv
C51 COMPILER V9.52.0.0   COMPARATOR                                                        04/28/2015 17:26:02 PAGE 2   

  52   1          CPT1CN &= 0xF3;
  53   1          CPT1CN |= 0x04;
  54   1      
  55   1        // enable comparator 1
  56   1        CPT1CN |= 0x80;
  57   1        
  58   1        SFRPAGE = LEGACY_PAGE;    
  59   1      }
  60          


MODULE INFORMATION:   STATIC OVERLAYABLE
   CODE SIZE        =     44    ----
   CONSTANT SIZE    =   ----    ----
   XDATA SIZE       =   ----    ----
   PDATA SIZE       =   ----    ----
   DATA SIZE        =   ----    ----
   IDATA SIZE       =   ----    ----
   BIT SIZE         =   ----    ----
END OF MODULE INFORMATION.


C51 COMPILATION COMPLETE.  0 WARNING(S),  0 ERROR(S)
