---------------------------------------------------------
Tags dictionary:
<0> - General
<1> - Layer process
<2> - Host communication
<3> - Printing
<4> - Motors
<5> - Head heating
<6> - Tray heating
<7> - UV lamps
<8> - End-of-liquid
<9> - Head filling
<10> - Head vacuum
<11> - Ambient temperature
<12> - Power
<13> - Head filling thermistor readings
<14> - HASP
<15> - Roller Suction System
<17> - Raccoon System<16> - Objet machine log
<18> - Customer Service Log
---------------------------------------------------------
<0> 24/08/15 13:24:09 : Objet 350 is up (version: 38.2.0.9999 Build: Aug 24 2015 12:56:31)
---------------------------------------------------------
<0> 24/08/15 13:24:10 : ModesManager: '~PerMachineDefault' Mode was entered
<0> 24/08/15 13:24:10 : ModesManager: 'DefaultMode' Mode was entered
<0> 24/08/15 13:24:10 : ModesManager: '~DigitalMaterial' Mode was entered
<0> 24/08/15 13:24:10 : ModesManager: 'VeroYellow' Mode was entered
<0> 24/08/15 13:24:10 : ModesManager: Going one mode back
<0> 24/08/15 13:24:10 : ModesManager: 'VeroWhite' Mode was entered
<0> 24/08/15 13:24:10 : ModesManager: Going one mode back
<0> 24/08/15 13:24:10 : ModesManager: 'VeroPureWhite' Mode was entered
<0> 24/08/15 13:24:10 : ModesManager: Going one mode back
<0> 24/08/15 13:24:10 : ModesManager: 'VeroMgnt' Mode was entered
<0> 24/08/15 13:24:10 : ModesManager: Going one mode back
<0> 24/08/15 13:24:10 : ModesManager: 'VeroGrey' Mode was entered
<0> 24/08/15 13:24:10 : ModesManager: Going one mode back
<0> 24/08/15 13:24:10 : ModesManager: 'VeroCyan' Mode was entered
<0> 24/08/15 13:24:10 : ModesManager: Going one mode back
<0> 24/08/15 13:24:10 : ModesManager: 'VeroClear' Mode was entered
<0> 24/08/15 13:24:10 : ModesManager: Going one mode back
<0> 24/08/15 13:24:10 : ModesManager: 'VeroBlue' Mode was entered
<0> 24/08/15 13:24:10 : ModesManager: Going one mode back
<0> 24/08/15 13:24:10 : ModesManager: 'VeroBlack' Mode was entered
<0> 24/08/15 13:24:10 : ModesManager: Going one mode back
<0> 24/08/15 13:24:10 : ModesManager: 'TangoGrey' Mode was entered
<0> 24/08/15 13:24:10 : ModesManager: Going one mode back
<0> 24/08/15 13:24:10 : ModesManager: 'TangoBlack+' Mode was entered
<0> 24/08/15 13:24:10 : ModesManager: Going one mode back
<0> 24/08/15 13:24:10 : ModesManager: 'TangoBlack' Mode was entered
<0> 24/08/15 13:24:10 : ModesManager: Going one mode back
<0> 24/08/15 13:24:10 : ModesManager: 'Tango+' Mode was entered
<0> 24/08/15 13:24:10 : ModesManager: Going one mode back
<0> 24/08/15 13:24:10 : ModesManager: 'RGD535' Mode was entered
<0> 24/08/15 13:24:10 : ModesManager: Going one mode back
<0> 24/08/15 13:24:10 : ModesManager: 'RGD531' Mode was entered
<0> 24/08/15 13:24:10 : ModesManager: Going one mode back
<0> 24/08/15 13:24:10 : ModesManager: 'RGD525' Mode was entered
<0> 24/08/15 13:24:10 : ModesManager: Going one mode back
<0> 24/08/15 13:24:10 : ModesManager: 'RGD515' Mode was entered
<0> 24/08/15 13:24:10 : ModesManager: Going one mode back
<0> 24/08/15 13:24:10 : ModesManager: 'RGD450' Mode was entered
<0> 24/08/15 13:24:10 : ModesManager: Going one mode back
<0> 24/08/15 13:24:10 : ModesManager: 'MED690' Mode was entered
<0> 24/08/15 13:24:10 : ModesManager: Going one mode back
<0> 24/08/15 13:24:10 : ModesManager: 'MED670' Mode was entered
<0> 24/08/15 13:24:10 : ModesManager: Going one mode back
<0> 24/08/15 13:24:10 : ModesManager: 'MED620' Mode was entered
<0> 24/08/15 13:24:10 : ModesManager: Going one mode back
<0> 24/08/15 13:24:10 : ModesManager: 'MED610' Mode was entered
<0> 24/08/15 13:24:10 : ModesManager: Going one mode back
<0> 24/08/15 13:24:10 : ModesManager: 'FullCure720' Mode was entered
<0> 24/08/15 13:24:10 : ModesManager: Going one mode back
<0> 24/08/15 13:24:10 : ModesManager: 'DurusWhite' Mode was entered
<0> 24/08/15 13:24:10 : ModesManager: Going one mode back
<0> 24/08/15 13:24:10 : ModesManager: 'Agilus30Clear' Mode was entered
<0> 24/08/15 13:24:10 : ModesManager: Going one mode back
<0> 24/08/15 13:24:10 : ModesManager: 'Agilus30Black' Mode was entered
<0> 24/08/15 13:24:10 : ModesManager: Going one mode back
<0> 24/08/15 13:24:10 : ModesManager: 'M.Cleanser' Mode was entered
<0> 24/08/15 13:24:10 : ModesManager: Going one mode back
<0> 24/08/15 13:24:10 : ModesManager: 'SUP707' Mode was entered
<0> 24/08/15 13:24:10 : ModesManager: Going one mode back
<0> 24/08/15 13:24:10 : ModesManager: 'FullCure705' Mode was entered
<0> 24/08/15 13:24:10 : ModesManager: Going one mode back
<0> 24/08/15 13:24:10 : ModesManager: 'S.Cleanser' Mode was entered
<0> 24/08/15 13:24:10 : ModesManager: Going one mode back
<0> 24/08/15 13:24:10 : ModesManager: Identified Model Material: 430 DurusWhite
<0> 24/08/15 13:24:10 : ModesManager: Identified Model Material: 450 RGD450
<0> 24/08/15 13:24:10 : ModesManager: Identified Model Material: 515 RGD515
<0> 24/08/15 13:24:10 : ModesManager: Identified Model Material: 525 RGD525
<0> 24/08/15 13:24:10 : ModesManager: Identified Model Material: 531 RGD531
<0> 24/08/15 13:24:10 : ModesManager: Identified Model Material: 535 RGD535
<0> 24/08/15 13:24:10 : ModesManager: Identified Model Material: 610 MED610
<0> 24/08/15 13:24:10 : ModesManager: Identified Model Material: 620 MED620
<0> 24/08/15 13:24:10 : ModesManager: Identified Model Material: 670 MED670
<0> 24/08/15 13:24:10 : ModesManager: Identified Model Material: 690 MED690
<0> 24/08/15 13:24:10 : ModesManager: Identified Model Material: 720 FullCure720
<0> 24/08/15 13:24:10 : ModesManager: Identified Model Material: 810 VeroClear
<0> 24/08/15 13:24:10 : ModesManager: Identified Model Material: 830 VeroWhite
<0> 24/08/15 13:24:10 : ModesManager: Identified Model Material: 836 VeroYellow
<0> 24/08/15 13:24:10 : ModesManager: Identified Model Material: 837 VeroPureWhite
<0> 24/08/15 13:24:10 : ModesManager: Identified Model Material: 840 VeroBlue
<0> 24/08/15 13:24:10 : ModesManager: Identified Model Material: 841 VeroCyan
<0> 24/08/15 13:24:10 : ModesManager: Identified Model Material: 850 VeroGrey
<0> 24/08/15 13:24:10 : ModesManager: Identified Model Material: 851 VeroMgnt
<0> 24/08/15 13:24:10 : ModesManager: Identified Model Material: 870 VeroBlack
<0> 24/08/15 13:24:10 : ModesManager: Identified Model Material: 930 Tango+
<0> 24/08/15 13:24:10 : ModesManager: Identified Model Material: 935 Agilus30Clear
<0> 24/08/15 13:24:10 : ModesManager: Identified Model Material: 950 TangoGrey
<0> 24/08/15 13:24:10 : ModesManager: Identified Model Material: 970 TangoBlack
<0> 24/08/15 13:24:10 : ModesManager: Identified Model Material: 980 TangoBlack+
<0> 24/08/15 13:24:10 : ModesManager: Identified Model Material: 985 Agilus30Black
<0> 24/08/15 13:24:10 : ModesManager: Identified Model Service Material: 10 M.Cleanser
<0> 24/08/15 13:24:10 : ModesManager: Identified Support Material: 705 FullCure705
<0> 24/08/15 13:24:10 : ModesManager: Identified Support Material: 707 SUP707
<0> 24/08/15 13:24:10 : ModesManager: Identified Support Service Material: 11 S.Cleanser
<14> 24/08/15 13:24:11 : LicenseManager: login, line: 98, status: 7
<14> 24/08/15 13:24:11 : LicenseManager: Cannot decrypt packages file. HASP dongle is missing.
<0> 24/08/15 13:24:11 : Monitor: Cannot decrypt packages file. HASP dongle is missing.
<0> 24/08/15 13:24:15 : Objet 350 is down
---------------------------------------------------------
