Build started 11-Oct-14 4:02:33 PM.
     1>Project "C:\VCortex\Projects\IO_Extender\I2C adapter\SW\ETHIIC_Client\UDP_Listener\UDP_Listener.vcxproj" on node 3 (build target(s)).
     1>InitializeBuildStatus:
         Creating "Release\UDP_Listener.unsuccessfulbuild" because "AlwaysCreate" was specified.
       ClCompile:
         c:\Program Files\Microsoft Visual Studio 10.0\VC\bin\CL.exe /c /Zi /nologo /W3 /WX- /O2 /Oi /Oy- /GL /D WIN32 /D NDEBUG /D _CONSOLE /D _UNICODE /D UNICODE /Gm- /EHsc /MD /GS /Gy /fp:precise /Zc:wchar_t /Zc:forScope /Yc"StdAfx.h" /Fp"Release\UDP_Listener.pch" /Fo"Release\\" /Fd"Release\vc100.pdb" /Gd /TP /analyze- /errorReport:prompt stdafx.cpp
         stdafx.cpp
         c:\Program Files\Microsoft Visual Studio 10.0\VC\bin\CL.exe /c /Zi /nologo /W3 /WX- /O2 /Oi /Oy- /GL /D WIN32 /D NDEBUG /D _CONSOLE /D _UNICODE /D UNICODE /Gm- /EHsc /MD /GS /Gy /fp:precise /Zc:wchar_t /Zc:forScope /Yu"StdAfx.h" /Fp"Release\UDP_Listener.pch" /Fo"Release\\" /Fd"Release\vc100.pdb" /Gd /TP /analyze- /errorReport:prompt UDP_Listener.cpp
         UDP_Listener.cpp
       Link:
         c:\Program Files\Microsoft Visual Studio 10.0\VC\bin\link.exe /ERRORREPORT:PROMPT /OUT:"C:\VCortex\Projects\IO_Extender\I2C adapter\SW\ETHIIC_Client\Release\UDP_Listener.exe" /INCREMENTAL:NO /NOLOGO kernel32.lib user32.lib gdi32.lib winspool.lib comdlg32.lib advapi32.lib shell32.lib ole32.lib oleaut32.lib uuid.lib odbc32.lib odbccp32.lib /MANIFEST /ManifestFile:"Release\UDP_Listener.exe.intermediate.manifest" /MANIFESTUAC:"level='asInvoker' uiAccess='false'" /DEBUG /PDB:"C:\VCortex\Projects\IO_Extender\I2C adapter\SW\ETHIIC_Client\Release\UDP_Listener.pdb" /SUBSYSTEM:CONSOLE /OPT:REF /OPT:ICF /LTCG /TLBID:1 /DYNAMICBASE /NXCOMPAT /IMPLIB:"C:\VCortex\Projects\IO_Extender\I2C adapter\SW\ETHIIC_Client\Release\UDP_Listener.lib" /MACHINE:X86 Release\stdafx.obj
         Release\UDP_Listener.obj
         Generating code
         Finished generating code
         UDP_Listener.vcxproj -> C:\VCortex\Projects\IO_Extender\I2C adapter\SW\ETHIIC_Client\Release\UDP_Listener.exe
       Manifest:
         C:\Program Files\Microsoft SDKs\Windows\v7.0A\bin\mt.exe /nologo /verbose /outputresource:"C:\VCortex\Projects\IO_Extender\I2C adapter\SW\ETHIIC_Client\Release\UDP_Listener.exe;#1" /manifest Release\UDP_Listener.exe.intermediate.manifest
       FinalizeBuildStatus:
         Deleting file "Release\UDP_Listener.unsuccessfulbuild".
         Touching "Release\UDP_Listener.lastbuildstate".
     1>Done Building Project "C:\VCortex\Projects\IO_Extender\I2C adapter\SW\ETHIIC_Client\UDP_Listener\UDP_Listener.vcxproj" (build target(s)).

Build succeeded.

Time Elapsed 00:00:01.81
